[2026-03-15 04:11:18] Verification failed. Token mismatch or wrong mode.
[2026-03-15 04:11:24] Verification failed. Token mismatch or wrong mode.
[2026-03-15 04:16:58] Webhook verified successfully.
[2026-03-15 04:19:11] RAW PAYLOAD: {"object":"whatsapp_business_account","entry":[{"id":"1557095865350315","changes":[{"value":{"messaging_product":"whatsapp","metadata":{"display_phone_number":"15551535639","phone_number_id":"1010369098831786"},"contacts":[{"profile":{"name":"avalavinay7"},"wa_id":"916302413904"}],"messages":[{"from":"916302413904","id":"wamid.HBgMOTE2MzAyNDEzOTA0FQIAEhggQUMwRUNDRTlERkFGNjU5RjVDRUU0NkZDNDdCOEEwRTMA","timestamp":"1773562750","text":{"body":"1"},"type":"text"}]},"field":"messages"}]}]}
[2026-03-15 04:19:11] FROM: 916302413904 | MESSAGE: 1
[2026-03-15 04:19:11] RAW PAYLOAD: {"object":"whatsapp_business_account","entry":[{"id":"1557095865350315","changes":[{"value":{"messaging_product":"whatsapp","metadata":{"display_phone_number":"15551535639","phone_number_id":"1010369098831786"},"contacts":[{"profile":{"name":"avalavinay7"},"wa_id":"916302413904"}],"messages":[{"from":"916302413904","id":"wamid.HBgMOTE2MzAyNDEzOTA0FQIAEhggQUMwRUNDRTlERkFGNjU5RjVDRUU0NkZDNDdCOEEwRTMA","timestamp":"1773562750","text":{"body":"1"},"type":"text"}]},"field":"messages"}]}]}
[2026-03-15 04:19:11] FROM: 916302413904 | MESSAGE: 1
[2026-03-15 04:19:13] RAW PAYLOAD: {"object":"whatsapp_business_account","entry":[{"id":"1557095865350315","changes":[{"value":{"messaging_product":"whatsapp","metadata":{"display_phone_number":"15551535639","phone_number_id":"1010369098831786"},"contacts":[{"profile":{"name":"avalavinay7"},"wa_id":"916302413904"}],"messages":[{"from":"916302413904","id":"wamid.HBgMOTE2MzAyNDEzOTA0FQIAEhggQUMwRUNDRTlERkFGNjU5RjVDRUU0NkZDNDdCOEEwRTMA","timestamp":"1773562750","text":{"body":"1"},"type":"text"}]},"field":"messages"}]}]}
[2026-03-15 04:19:13] FROM: 916302413904 | MESSAGE: 1
[2026-03-15 04:19:14] RAW PAYLOAD: {"object":"whatsapp_business_account","entry":[{"id":"1557095865350315","changes":[{"value":{"messaging_product":"whatsapp","metadata":{"display_phone_number":"15551535639","phone_number_id":"1010369098831786"},"contacts":[{"profile":{"name":"avalavinay7"},"wa_id":"916302413904"}],"messages":[{"from":"916302413904","id":"wamid.HBgMOTE2MzAyNDEzOTA0FQIAEhggQUMwRUNDRTlERkFGNjU5RjVDRUU0NkZDNDdCOEEwRTMA","timestamp":"1773562750","text":{"body":"1"},"type":"text"}]},"field":"messages"}]}]}
[2026-03-15 04:19:14] FROM: 916302413904 | MESSAGE: 1
[2026-03-15 04:19:23] RAW PAYLOAD: {"object":"whatsapp_business_account","entry":[{"id":"1557095865350315","changes":[{"value":{"messaging_product":"whatsapp","metadata":{"display_phone_number":"15551535639","phone_number_id":"1010369098831786"},"contacts":[{"profile":{"name":"avalavinay7"},"wa_id":"916302413904"}],"messages":[{"from":"916302413904","id":"wamid.HBgMOTE2MzAyNDEzOTA0FQIAEhggQUMwRUNDRTlERkFGNjU5RjVDRUU0NkZDNDdCOEEwRTMA","timestamp":"1773562750","text":{"body":"1"},"type":"text"}]},"field":"messages"}]}]}
[2026-03-15 04:19:23] FROM: 916302413904 | MESSAGE: 1
[2026-03-15 04:23:44] RAW PAYLOAD: {"object":"whatsapp_business_account","entry":[{"id":"1557095865350315","changes":[{"value":{"messaging_product":"whatsapp","metadata":{"display_phone_number":"15551535639","phone_number_id":"1010369098831786"},"contacts":[{"profile":{"name":"avalavinay7"},"wa_id":"916302413904"}],"messages":[{"from":"916302413904","id":"wamid.HBgMOTE2MzAyNDEzOTA0FQIAEhggQUM3OENBOUJDREY1RDkyMTlDQUMzMjJGRjRGNjQwMUEA","timestamp":"1773563023","text":{"body":"Hii"},"type":"text"}]},"field":"messages"}]}]}
[2026-03-15 04:23:44] FROM: 916302413904 | MESSAGE: Hii
[2026-03-15 04:23:45] RAW PAYLOAD: {"object":"whatsapp_business_account","entry":[{"id":"1557095865350315","changes":[{"value":{"messaging_product":"whatsapp","metadata":{"display_phone_number":"15551535639","phone_number_id":"1010369098831786"},"contacts":[{"profile":{"name":"avalavinay7"},"wa_id":"916302413904"}],"messages":[{"from":"916302413904","id":"wamid.HBgMOTE2MzAyNDEzOTA0FQIAEhggQUM3OENBOUJDREY1RDkyMTlDQUMzMjJGRjRGNjQwMUEA","timestamp":"1773563023","text":{"body":"Hii"},"type":"text"}]},"field":"messages"}]}]}
[2026-03-15 04:23:45] FROM: 916302413904 | MESSAGE: Hii
[2026-03-15 04:23:46] RAW PAYLOAD: {"object":"whatsapp_business_account","entry":[{"id":"1557095865350315","changes":[{"value":{"messaging_product":"whatsapp","metadata":{"display_phone_number":"15551535639","phone_number_id":"1010369098831786"},"contacts":[{"profile":{"name":"avalavinay7"},"wa_id":"916302413904"}],"messages":[{"from":"916302413904","id":"wamid.HBgMOTE2MzAyNDEzOTA0FQIAEhggQUM3OENBOUJDREY1RDkyMTlDQUMzMjJGRjRGNjQwMUEA","timestamp":"1773563023","text":{"body":"Hii"},"type":"text"}]},"field":"messages"}]}]}
[2026-03-15 04:23:46] FROM: 916302413904 | MESSAGE: Hii
[2026-03-15 04:23:47] RAW PAYLOAD: {"object":"whatsapp_business_account","entry":[{"id":"1557095865350315","changes":[{"value":{"messaging_product":"whatsapp","metadata":{"display_phone_number":"15551535639","phone_number_id":"1010369098831786"},"contacts":[{"profile":{"name":"avalavinay7"},"wa_id":"916302413904"}],"messages":[{"from":"916302413904","id":"wamid.HBgMOTE2MzAyNDEzOTA0FQIAEhggQUM3OENBOUJDREY1RDkyMTlDQUMzMjJGRjRGNjQwMUEA","timestamp":"1773563023","text":{"body":"Hii"},"type":"text"}]},"field":"messages"}]}]}
[2026-03-15 04:23:47] FROM: 916302413904 | MESSAGE: Hii
[2026-03-15 04:23:59] RAW PAYLOAD: {"object":"whatsapp_business_account","entry":[{"id":"1557095865350315","changes":[{"value":{"messaging_product":"whatsapp","metadata":{"display_phone_number":"15551535639","phone_number_id":"1010369098831786"},"contacts":[{"profile":{"name":"avalavinay7"},"wa_id":"916302413904"}],"messages":[{"from":"916302413904","id":"wamid.HBgMOTE2MzAyNDEzOTA0FQIAEhggQUM0MjJCQjg2NjdGNkMzRDkyQkU5OTcyMkFERUYzRUIA","timestamp":"1773563038","text":{"body":"Hi"},"type":"text"}]},"field":"messages"}]}]}
[2026-03-15 04:23:59] FROM: 916302413904 | MESSAGE: Hi
[2026-03-15 04:23:59] RAW PAYLOAD: {"object":"whatsapp_business_account","entry":[{"id":"1557095865350315","changes":[{"value":{"messaging_product":"whatsapp","metadata":{"display_phone_number":"15551535639","phone_number_id":"1010369098831786"},"contacts":[{"profile":{"name":"avalavinay7"},"wa_id":"916302413904"}],"messages":[{"from":"916302413904","id":"wamid.HBgMOTE2MzAyNDEzOTA0FQIAEhggQUM0MjJCQjg2NjdGNkMzRDkyQkU5OTcyMkFERUYzRUIA","timestamp":"1773563038","text":{"body":"Hi"},"type":"text"}]},"field":"messages"}]}]}
[2026-03-15 04:23:59] FROM: 916302413904 | MESSAGE: Hi
[2026-03-15 04:24:00] RAW PAYLOAD: {"object":"whatsapp_business_account","entry":[{"id":"1557095865350315","changes":[{"value":{"messaging_product":"whatsapp","metadata":{"display_phone_number":"15551535639","phone_number_id":"1010369098831786"},"contacts":[{"profile":{"name":"avalavinay7"},"wa_id":"916302413904"}],"messages":[{"from":"916302413904","id":"wamid.HBgMOTE2MzAyNDEzOTA0FQIAEhggQUM0MjJCQjg2NjdGNkMzRDkyQkU5OTcyMkFERUYzRUIA","timestamp":"1773563038","text":{"body":"Hi"},"type":"text"}]},"field":"messages"}]}]}
[2026-03-15 04:24:00] FROM: 916302413904 | MESSAGE: Hi
[2026-03-15 04:24:01] RAW PAYLOAD: {"object":"whatsapp_business_account","entry":[{"id":"1557095865350315","changes":[{"value":{"messaging_product":"whatsapp","metadata":{"display_phone_number":"15551535639","phone_number_id":"1010369098831786"},"contacts":[{"profile":{"name":"avalavinay7"},"wa_id":"916302413904"}],"messages":[{"from":"916302413904","id":"wamid.HBgMOTE2MzAyNDEzOTA0FQIAEhggQUM0MjJCQjg2NjdGNkMzRDkyQkU5OTcyMkFERUYzRUIA","timestamp":"1773563038","text":{"body":"Hi"},"type":"text"}]},"field":"messages"}]}]}
[2026-03-15 04:24:01] FROM: 916302413904 | MESSAGE: Hi
[2026-03-15 04:24:01] RAW PAYLOAD: {"object":"whatsapp_business_account","entry":[{"id":"1557095865350315","changes":[{"value":{"messaging_product":"whatsapp","metadata":{"display_phone_number":"15551535639","phone_number_id":"1010369098831786"},"contacts":[{"profile":{"name":"avalavinay7"},"wa_id":"916302413904"}],"messages":[{"from":"916302413904","id":"wamid.HBgMOTE2MzAyNDEzOTA0FQIAEhggQUM3OENBOUJDREY1RDkyMTlDQUMzMjJGRjRGNjQwMUEA","timestamp":"1773563023","text":{"body":"Hii"},"type":"text"}]},"field":"messages"}]}]}
[2026-03-15 04:24:01] FROM: 916302413904 | MESSAGE: Hii
[2026-03-15 04:24:22] RAW PAYLOAD: {"object":"whatsapp_business_account","entry":[{"id":"1557095865350315","changes":[{"value":{"messaging_product":"whatsapp","metadata":{"display_phone_number":"15551535639","phone_number_id":"1010369098831786"},"contacts":[{"profile":{"name":"avalavinay7"},"wa_id":"916302413904"}],"messages":[{"from":"916302413904","id":"wamid.HBgMOTE2MzAyNDEzOTA0FQIAEhggQUM0MjJCQjg2NjdGNkMzRDkyQkU5OTcyMkFERUYzRUIA","timestamp":"1773563038","text":{"body":"Hi"},"type":"text"}]},"field":"messages"}]}]}
[2026-03-15 04:24:22] FROM: 916302413904 | MESSAGE: Hi
[2026-03-15 04:28:17] RAW PAYLOAD: {"object":"whatsapp_business_account","entry":[{"id":"1557095865350315","changes":[{"value":{"messaging_product":"whatsapp","metadata":{"display_phone_number":"15551535639","phone_number_id":"1010369098831786"},"contacts":[{"profile":{"name":"avalavinay7"},"wa_id":"916302413904"}],"messages":[{"from":"916302413904","id":"wamid.HBgMOTE2MzAyNDEzOTA0FQIAEhggQUM3OENBOUJDREY1RDkyMTlDQUMzMjJGRjRGNjQwMUEA","timestamp":"1773563023","text":{"body":"Hii"},"type":"text"}]},"field":"messages"}]}]}
[2026-03-15 04:28:17] FROM: 916302413904 | MESSAGE: Hii
[2026-03-15 04:29:05] RAW PAYLOAD: {"object":"whatsapp_business_account","entry":[{"id":"1557095865350315","changes":[{"value":{"messaging_product":"whatsapp","metadata":{"display_phone_number":"15551535639","phone_number_id":"1010369098831786"},"contacts":[{"profile":{"name":"avalavinay7"},"wa_id":"916302413904"}],"messages":[{"from":"916302413904","id":"wamid.HBgMOTE2MzAyNDEzOTA0FQIAEhggQUM0MjJCQjg2NjdGNkMzRDkyQkU5OTcyMkFERUYzRUIA","timestamp":"1773563038","text":{"body":"Hi"},"type":"text"}]},"field":"messages"}]}]}
[2026-03-15 04:29:05] FROM: 916302413904 | MESSAGE: Hi
[2026-03-15 04:38:13] VERIFY → mode= token=
[2026-03-15 04:38:13] VERIFY FAILED — token mismatch or wrong mode.
[2026-03-15 04:42:13] === INCOMING PAYLOAD ===
{"object":"whatsapp_business_account","entry":[{"id":"1557095865350315","changes":[{"value":{"messaging_product":"whatsapp","metadata":{"display_phone_number":"15551535639","phone_number_id":"1010369098831786"},"contacts":[{"profile":{"name":"avalavinay7"},"wa_id":"916302413904"}],"messages":[{"from":"916302413904","id":"wamid.HBgMOTE2MzAyNDEzOTA0FQIAEhggQUM3OENBOUJDREY1RDkyMTlDQUMzMjJGRjRGNjQwMUEA","timestamp":"1773563023","text":{"body":"Hii"},"type":"text"}]},"field":"messages"}]}]}
[2026-03-15 04:42:13] FROM: 916302413904 | TYPE: text | MSG_ID: wamid.HBgMOTE2MzAyNDEzOTA0FQIAEhggQUM3OENBOUJDREY1RDkyMTlDQUMzMjJGRjRGNjQwMUEA
[2026-03-15 04:42:13] MESSAGE TEXT: Hii
[2026-03-15 04:44:02] VERIFY → mode= token=
[2026-03-15 04:44:02] VERIFY FAILED — token mismatch or wrong mode.
[2026-03-15 04:44:37] VERIFY → mode= token=
[2026-03-15 04:44:37] VERIFY FAILED — token mismatch or wrong mode.
[2026-03-15 04:50:35] VERIFY → mode=subscribe token=vinaybot123
[2026-03-15 04:50:38] VERIFY → mode=subscribe token=vinaybot123
[2026-03-15 04:52:19] VERIFY → mode= token=
[2026-03-15 04:52:19] VERIFY FAILED — token mismatch or wrong mode.
[2026-03-15 04:55:12] === INCOMING PAYLOAD ===
{"object":"whatsapp_business_account","entry":[{"id":"1557095865350315","changes":[{"value":{"messaging_product":"whatsapp","metadata":{"display_phone_number":"15551535639","phone_number_id":"1010369098831786"},"contacts":[{"profile":{"name":"avalavinay7"},"wa_id":"916302413904"}],"messages":[{"from":"916302413904","id":"wamid.HBgMOTE2MzAyNDEzOTA0FQIAEhggQUM2OUJFNkM3NTlDMTAyNkQyNTUzRjU1QTRFQzk2MTkA","timestamp":"1773564911","text":{"body":"Hi"},"type":"text"}]},"field":"messages"}]}]}
[2026-03-15 04:55:12] FROM: 916302413904 | TYPE: text | MSG_ID: wamid.HBgMOTE2MzAyNDEzOTA0FQIAEhggQUM2OUJFNkM3NTlDMTAyNkQyNTUzRjU1QTRFQzk2MTkA
[2026-03-15 04:55:12] MESSAGE TEXT: Hi
[2026-03-15 04:55:12] === INCOMING PAYLOAD ===
{"object":"whatsapp_business_account","entry":[{"id":"1557095865350315","changes":[{"value":{"messaging_product":"whatsapp","metadata":{"display_phone_number":"15551535639","phone_number_id":"1010369098831786"},"contacts":[{"profile":{"name":"avalavinay7"},"wa_id":"916302413904"}],"messages":[{"from":"916302413904","id":"wamid.HBgMOTE2MzAyNDEzOTA0FQIAEhggQUM2OUJFNkM3NTlDMTAyNkQyNTUzRjU1QTRFQzk2MTkA","timestamp":"1773564911","text":{"body":"Hi"},"type":"text"}]},"field":"messages"}]}]}
[2026-03-15 04:55:12] FROM: 916302413904 | TYPE: text | MSG_ID: wamid.HBgMOTE2MzAyNDEzOTA0FQIAEhggQUM2OUJFNkM3NTlDMTAyNkQyNTUzRjU1QTRFQzk2MTkA
[2026-03-15 04:55:12] MESSAGE TEXT: Hi
[2026-03-15 04:55:13] === INCOMING PAYLOAD ===
{"object":"whatsapp_business_account","entry":[{"id":"1557095865350315","changes":[{"value":{"messaging_product":"whatsapp","metadata":{"display_phone_number":"15551535639","phone_number_id":"1010369098831786"},"contacts":[{"profile":{"name":"avalavinay7"},"wa_id":"916302413904"}],"messages":[{"from":"916302413904","id":"wamid.HBgMOTE2MzAyNDEzOTA0FQIAEhggQUM2OUJFNkM3NTlDMTAyNkQyNTUzRjU1QTRFQzk2MTkA","timestamp":"1773564911","text":{"body":"Hi"},"type":"text"}]},"field":"messages"}]}]}
[2026-03-15 04:55:13] FROM: 916302413904 | TYPE: text | MSG_ID: wamid.HBgMOTE2MzAyNDEzOTA0FQIAEhggQUM2OUJFNkM3NTlDMTAyNkQyNTUzRjU1QTRFQzk2MTkA
[2026-03-15 04:55:13] MESSAGE TEXT: Hi
[2026-03-15 04:55:14] === INCOMING PAYLOAD ===
{"object":"whatsapp_business_account","entry":[{"id":"1557095865350315","changes":[{"value":{"messaging_product":"whatsapp","metadata":{"display_phone_number":"15551535639","phone_number_id":"1010369098831786"},"contacts":[{"profile":{"name":"avalavinay7"},"wa_id":"916302413904"}],"messages":[{"from":"916302413904","id":"wamid.HBgMOTE2MzAyNDEzOTA0FQIAEhggQUM2OUJFNkM3NTlDMTAyNkQyNTUzRjU1QTRFQzk2MTkA","timestamp":"1773564911","text":{"body":"Hi"},"type":"text"}]},"field":"messages"}]}]}
[2026-03-15 04:55:14] FROM: 916302413904 | TYPE: text | MSG_ID: wamid.HBgMOTE2MzAyNDEzOTA0FQIAEhggQUM2OUJFNkM3NTlDMTAyNkQyNTUzRjU1QTRFQzk2MTkA
[2026-03-15 04:55:14] MESSAGE TEXT: Hi
[2026-03-15 04:55:24] === INCOMING PAYLOAD ===
{"object":"whatsapp_business_account","entry":[{"id":"1557095865350315","changes":[{"value":{"messaging_product":"whatsapp","metadata":{"display_phone_number":"15551535639","phone_number_id":"1010369098831786"},"contacts":[{"profile":{"name":"avalavinay7"},"wa_id":"916302413904"}],"messages":[{"from":"916302413904","id":"wamid.HBgMOTE2MzAyNDEzOTA0FQIAEhggQUM2OUJFNkM3NTlDMTAyNkQyNTUzRjU1QTRFQzk2MTkA","timestamp":"1773564911","text":{"body":"Hi"},"type":"text"}]},"field":"messages"}]}]}
[2026-03-15 04:55:24] FROM: 916302413904 | TYPE: text | MSG_ID: wamid.HBgMOTE2MzAyNDEzOTA0FQIAEhggQUM2OUJFNkM3NTlDMTAyNkQyNTUzRjU1QTRFQzk2MTkA
[2026-03-15 04:55:24] MESSAGE TEXT: Hi
